0 info it worked if it ends with ok
1 verbose cli [ '/usr/bin/node', '/usr/bin/npm', 'start' ]
2 info using npm@3.5.2
3 info using node@v8.10.0
4 verbose run-script [ 'prestart', 'start', 'poststart' ]
5 info lifecycle classmeet@1.0.0~prestart: classmeet@1.0.0
6 silly lifecycle classmeet@1.0.0~prestart: no script for prestart, continuing
7 info lifecycle classmeet@1.0.0~start: classmeet@1.0.0
8 verbose lifecycle classmeet@1.0.0~start: unsafe-perm in lifecycle true
9 verbose lifecycle classmeet@1.0.0~start: PATH: /usr/share/npm/bin/node-gyp-bin:/mnt/c/Users/Will Htun/Desktop/ClassMeet/ClassMeet/node_modules/.bin:/usr/local/sbin:/usr/local/bin:/usr/sbin:/usr/bin:/sbin:/bin:/usr/games:/usr/local/games:/mnt/c/ProgramData/Oracle/Java/javapath_target_3886343:/mnt/c/Program Files/Java/jdk1.8.0_121/bin:/mnt/c/Windows/System32:/mnt/c/Windows:/mnt/c/Windows/System32/wbem:/mnt/c/Windows/System32/WindowsPowerShell/v1.0:/mnt/c/Program Files (x86)/GtkSharp/2.12/bin:/mnt/c/Program Files/PuTTY:/mnt/c/Windows/System32/OpenSSH:/mnt/c/Users/Will Htun/AppData/Local/Microsoft/WindowsApps:/mnt/c/Users/Will Htun/AppData/Local/Microsoft/WindowsApps:/mnt/c/Users/Will Htun/AppData/Local/Programs/Microsoft VS Code/bin:/snap/bin
10 verbose lifecycle classmeet@1.0.0~start: CWD: /mnt/c/Users/Will Htun/Desktop/ClassMeet/ClassMeet
11 silly lifecycle classmeet@1.0.0~start: Args: [ '-c', 'node src/server/server.js' ]
12 silly lifecycle classmeet@1.0.0~start: Returned: code: 1  signal: null
13 info lifecycle classmeet@1.0.0~start: Failed to exec start script
14 verbose stack Error: classmeet@1.0.0 start: `node src/server/server.js`
14 verbose stack Exit status 1
14 verbose stack     at EventEmitter.<anonymous> (/usr/share/npm/lib/utils/lifecycle.js:232:16)
14 verbose stack     at emitTwo (events.js:126:13)
14 verbose stack     at EventEmitter.emit (events.js:214:7)
14 verbose stack     at ChildProcess.<anonymous> (/usr/share/npm/lib/utils/spawn.js:24:14)
14 verbose stack     at emitTwo (events.js:126:13)
14 verbose stack     at ChildProcess.emit (events.js:214:7)
14 verbose stack     at maybeClose (internal/child_process.js:925:16)
14 verbose stack     at Process.ChildProcess._handle.onexit (internal/child_process.js:209:5)
15 verbose pkgid classmeet@1.0.0
16 verbose cwd /mnt/c/Users/Will Htun/Desktop/ClassMeet/ClassMeet
17 error Linux 4.4.0-17134-Microsoft
18 error argv "/usr/bin/node" "/usr/bin/npm" "start"
19 error node v8.10.0
20 error npm  v3.5.2
21 error code ELIFECYCLE
22 error classmeet@1.0.0 start: `node src/server/server.js`
22 error Exit status 1
23 error Failed at the classmeet@1.0.0 start script 'node src/server/server.js'.
23 error Make sure you have the latest version of node.js and npm installed.
23 error If you do, this is most likely a problem with the classmeet package,
23 error not with npm itself.
23 error Tell the author that this fails on your system:
23 error     node src/server/server.js
23 error You can get information on how to open an issue for this project with:
23 error     npm bugs classmeet
23 error Or if that isn't available, you can get their info via:
23 error     npm owner ls classmeet
23 error There is likely additional logging output above.
24 verbose exit [ 1, true ]
